<?xml version="1.0" encoding="UTF-8"?>
<testng-results skipped="0" failed="0" ignored="1" total="2" passed="1">
  <reporter-output>
  </reporter-output>
  <suite name="Default suite" duration-ms="88" started-at="2021-11-26T19:51:02 EST" finished-at="2021-11-26T19:51:02 EST">
    <groups>
    </groups>
    <test name="Default test" duration-ms="88" started-at="2021-11-26T19:51:02 EST" finished-at="2021-11-26T19:51:02 EST">
      <class name="qaclickacademy.Mavenjava.SeleniumTest">
        <test-method status="PASS" signature="BrowserApp()[pri:0, instance:qaclickacademy.Mavenjava.SeleniumTest@65d09a04]" name="BrowserApp" duration-ms="18" started-at="2021-11-26T19:51:02 EST" finished-at="2021-11-26T19:51:02 EST">
          <reporter-output>
          </reporter-output>
        </test-method> <!-- BrowserApp -->
      </class> <!-- qaclickacademy.Mavenjava.SeleniumTest -->
    </test> <!-- Default test -->
  </suite> <!-- Default suite -->
</testng-results>
