<?xml version="1.0" encoding="UTF-8"?>
<!-- Generated by org.testng.reporters.JUnitXMLReporter -->
<testsuite hostname="Daminis-MacBook-Pro.local" failures="0" tests="6" name="Command line test" time="0.028" errors="0" timestamp="27 Nov 2021 16:24:14 GMT">
  <testcase classname="qaclickacademy.Mavenjava.AppiumTest" name="AndroidApp" time="0.013"/>
  <testcase classname="qaclickacademy.Mavenjava.AppiumTest" name="IosApp" time="0.0"/>
  <testcase classname="qaclickacademy.Mavenjava.RestAPITest" name="DeleteTwitter" time="0.001"/>
  <testcase classname="qaclickacademy.Mavenjava.RestAPITest" name="Jirapost" time="0.0"/>
  <testcase classname="qaclickacademy.Mavenjava.SeleniumTest" name="BrowserApp" time="0.0"/>
  <testcase classname="qaclickacademy.Mavenjava.SeleniumTest" name="WebApp" time="0.0"/>
</testsuite> <!-- Command line test -->
