<?xml version="1.0" encoding="UTF-8"?>
<!-- Generated by org.testng.reporters.JUnitXMLReporter -->
<testsuite hostname="Daminis-MacBook-Pro.local" ignored="1" name="Default test" tests="1" failures="0" timestamp="2021-11-26T19:51:02 EST" time="0.088" errors="0">
  <testcase name="BrowserApp" time="0.018" classname="qaclickacademy.Mavenjava.SeleniumTest"/>
  <testcase name="WebApp" time="0.0" classname="qaclickacademy.Mavenjava.SeleniumTest">
    <ignored/>
  </testcase> <!-- WebApp -->
</testsuite> <!-- Default test -->
