<?xml version="1.0" encoding="UTF-8"?>
<testng-results total="6" passed="6" failed="0" skipped="0">
  <reporter-output>
  </reporter-output>
  <suite started-at="2021-11-27T16:24:14Z" name="Command line suite" finished-at="2021-11-27T16:24:14Z" duration-ms="28">
    <groups>
    </groups>
    <test started-at="2021-11-27T16:24:14Z" name="Command line test" finished-at="2021-11-27T16:24:14Z" duration-ms="28">
      <class name="qaclickacademy.Mavenjava.RestAPITest">
        <test-method signature="DeleteTwitter()[pri:0, instance:qaclickacademy.Mavenjava.RestAPITest@1c3a4799]" started-at="2021-11-27T11:24:14Z" name="DeleteTwitter" finished-at="2021-11-27T11:24:14Z" duration-ms="1" status="PASS">
          <reporter-output>
          </reporter-output>
        </test-method> <!-- DeleteTwitter -->
        <test-method signature="Jirapost()[pri:0, instance:qaclickacademy.Mavenjava.RestAPITest@1c3a4799]" started-at="2021-11-27T11:24:14Z" name="Jirapost" finished-at="2021-11-27T11:24:14Z" duration-ms="0" status="PASS">
          <reporter-output>
          </reporter-output>
        </test-method> <!-- Jirapost -->
      </class> <!-- qaclickacademy.Mavenjava.RestAPITest -->
      <class name="qaclickacademy.Mavenjava.AppiumTest">
        <test-method signature="AndroidApp()[pri:0, instance:qaclickacademy.Mavenjava.AppiumTest@1e6d1014]" started-at="2021-11-27T11:24:14Z" name="AndroidApp" finished-at="2021-11-27T11:24:14Z" duration-ms="13" status="PASS">
          <reporter-output>
          </reporter-output>
        </test-method> <!-- AndroidApp -->
        <test-method signature="IosApp()[pri:0, instance:qaclickacademy.Mavenjava.AppiumTest@1e6d1014]" started-at="2021-11-27T11:24:14Z" name="IosApp" finished-at="2021-11-27T11:24:14Z" duration-ms="0" status="PASS">
          <reporter-output>
          </reporter-output>
        </test-method> <!-- IosApp -->
      </class> <!-- qaclickacademy.Mavenjava.AppiumTest -->
      <class name="qaclickacademy.Mavenjava.SeleniumTest">
        <test-method signature="BrowserApp()[pri:0, instance:qaclickacademy.Mavenjava.SeleniumTest@694e1548]" started-at="2021-11-27T11:24:14Z" name="BrowserApp" finished-at="2021-11-27T11:24:14Z" duration-ms="0" status="PASS">
          <reporter-output>
          </reporter-output>
        </test-method> <!-- BrowserApp -->
        <test-method signature="WebApp()[pri:0, instance:qaclickacademy.Mavenjava.SeleniumTest@694e1548]" started-at="2021-11-27T11:24:14Z" name="WebApp" finished-at="2021-11-27T11:24:14Z" duration-ms="0" status="PASS">
          <reporter-output>
          </reporter-output>
        </test-method> <!-- WebApp -->
      </class> <!-- qaclickacademy.Mavenjava.SeleniumTest -->
    </test> <!-- Command line test -->
  </suite> <!-- Command line suite -->
</testng-results>
