<?xml version="1.0" encoding="UTF-8" ?>
<testsuite tests="6" failures="0" name="TestSuite" time="0.014" errors="0" skipped="0">
  <properties>
[...]
</properties>
  <testcase classname="qaclickacademy.Mavenjava.AppiumTest" name="AndroidApp" time="0.014"/>
  <testcase classname="qaclickacademy.Mavenjava.AppiumTest" name="IosApp" time="0"/>
  <testcase classname="qaclickacademy.Mavenjava.RestAPITest" name="DeleteTwitter" time="0"/>
  <testcase classname="qaclickacademy.Mavenjava.RestAPITest" name="Jirapost" time="0"/>
  <testcase classname="qaclickacademy.Mavenjava.SeleniumTest" name="BrowserApp" time="0"/>
  <testcase classname="qaclickacademy.Mavenjava.SeleniumTest" name="WebApp" time="0"/>
</testsuite>